<?xml version="1.0" encoding="UTF-8"?>
<!-- Generated by org.testng.reporters.JUnitReportReporter -->
<testsuite hostname="Yogesh" failures="0" tests="2" name="Test.testNG" time="15.541" errors="0" timestamp="2022-06-22T22:56:38 IST" skipped="0">
  <testcase classname="Test.testNG" name="verifyrequestQotation" time="5.264"/>
  <system-out/>
  <testcase classname="Test.testNG" name="verifyreriveQotation" time="10.277"/>
  <system-out/>
</testsuite> <!-- Test.testNG -->
